<?xml version="1.0" encoding="UTF-8"?>
<!-- Generated by org.testng.reporters.JUnitReportReporter -->
<testsuite skipped="0" hostname="CORPMDB01L04" name="stepDefinitions.TestNG" tests="1" failures="0" timestamp="11 Jul 2024 21:13:21 GMT" time="0.008" errors="0">
  <testcase name="loginPage" time="0.008" classname="stepDefinitions.TestNG"/>
</testsuite> <!-- stepDefinitions.TestNG -->
